# End time: 19:00:30 on May 30,2024, Elapsed time: 0:01:21
# Errors: 0, Warnings: 2
# vsim -c -lib work testbench "+UVM_TESTNAME=my_test" -do "log -r /*; run -all; quit" -l simulation.log 
# Start time: 19:00:30 on May 30,2024
# ** Warning: (vsim-7032) The 32-bit glibc RPM does not appear to be installed on this machine.  Calls to gcc may fail.
# 
# ** Warning: (vsim-7032) The 32-bit glibc RPM does not appear to be installed on this machine.  Calls to gcc may fail.
# 
# Loading /tmp/ccheng93@tux-116_dpi_1873569/linux_gcc-10/export_tramp.so
# ** Note: (vsim-3812) Design is being optimized...
# ** Error: (vopt-13130) Failed to find design unit 'testbench'.
#         Searched libraries:
#             work
# Optimization failed
# ** Note: (vsim-12126) Error and warning message counts have been restored: Errors=1, Warnings=2.
# Error loading design
# End time: 19:00:32 on May 30,2024, Elapsed time: 0:00:02
# Errors: 1, Warnings: 2
vsim -c -lib work test +UVM_TESTNAME=my_test -do "log -r /*; run -all; quit" -l simulation.log
# vsim -c -lib work test "+UVM_TESTNAME=my_test" -do "log -r /*; run -all; quit" -l simulation.log 
# Start time: 19:01:19 on May 30,2024
# ** Warning: (vsim-7032) The 32-bit glibc RPM does not appear to be installed on this machine.  Calls to gcc may fail.
# 
# ** Warning: (vsim-7032) The 32-bit glibc RPM does not appear to be installed on this machine.  Calls to gcc may fail.
# 
# Loading /tmp/ccheng93@tux-116_dpi_1874208/linux_gcc-10/export_tramp.so
# ** Note: (vsim-8009) Loading existing optimized design _opt
# ** Note: (vsim-8785) UVM-aware debugging capabilities will be disabled since no compiled "questa_uvm_pkg" can be found.
# This also means that later if you turn on UVM-aware debugging your debug simulations may have
# different random seeds from your non-debug simulations.
# Loading sv_std.std
# Loading work.uvm_pkg(fast)
# Loading work.test(fast)
# log -r /*
#  run -all
# ----------------------------------------------------------------
# UVM-1.1d
# (C) 2007-2013 Mentor Graphics Corporation
# (C) 2007-2013 Cadence Design Systems, Inc.
# (C) 2006-2013 Synopsys, Inc.
# (C) 2011-2013 Cypress Semiconductor Corp.
# ----------------------------------------------------------------
# 
#   ***********       IMPORTANT RELEASE NOTES         ************
# 
#   You are using a version of the UVM library that has been compiled
#   with `UVM_NO_DEPRECATED undefined.
#   See http://www.eda.org/svdb/view.php?id=3313 for more details.
# 
#   You are using a version of the UVM library that has been compiled
#   with `UVM_OBJECT_MUST_HAVE_CONSTRUCTOR undefined.
#   See http://www.eda.org/svdb/view.php?id=3770 for more details.
# 
#       (Specify +UVM_NO_RELNOTES to turn off this notice)
# 
# UVM_INFO /filespace/c/ccheng93/UVM/uvm_training_lab/uvm-1.1d/src/base/uvm_root.svh(370) @ 0: reporter [NO_DPI_TSTNAME] UVM_NO_DPI defined--getting UVM_TESTNAME directly, without DPI
# UVM_INFO @ 0: reporter [RNTST] Running test my_test...
# UVM_INFO @ 0: reporter [UVMTOP] UVM testbench topology:
# uvm_test_top: (my_test@443) {
#   m_env: (my_env@451) {
#     m_agent: (master_agent@463) {
#       m_driv: (my_driver@595) {
#         rsp_port: (uvm_analysis_port@612) @612 
#         seq_item_port: (uvm_seq_item_pull_port@603) @603 
#       }
#       m_moni: (my_monitor@621) @621 
#       m_seqr: (uvm_sequencer@472) {
#         rsp_export: (uvm_analysis_export@480) @480 
#         seq_item_export: (uvm_seq_item_pull_imp@586) @586 
#         arbitration_queue: - 
#         lock_queue: - 
#         num_last_reqs: 'd1 
#         num_last_rsps: 'd1 
#       }
#     }
#   }
# }
# 
# UVM_INFO my_monitor.sv(11) @ 0: uvm_test_top.m_env.m_agent.m_moni [MON_RUN_PHASE] Monitor run!
# UVM_INFO my_driver.sv(12) @ 0: uvm_test_top.m_env.m_agent.m_driv [DRV_RUN_PHASE] --------------------------------------------------------------------------------------------------
# Name                           Type            Size  Value                                        
# --------------------------------------------------------------------------------------------------
# req                            my_transaction  -     @641                                         
#   sa                           integral        4     'h2                                          
#   da                           integral        4     'h4                                          
#   payload                      da(integral)    4     -                                            
#     [0]                        integral        8     'hab                                         
#     [1]                        integral        8     'hfa                                         
#     [2]                        integral        8     'hf4                                         
#     [3]                        integral        8     'hb0                                         
#   begin_time                   time            64    0                                            
#   depth                        int             32    'd2                                          
#   parent sequence (name)       string          11    my_sequence                                  
#   parent sequence (full name)  string          45    uvm_test_top.m_env.m_agent.m_seqr.my_sequence
#   sequencer                    string          33    uvm_test_top.m_env.m_agent.m_seqr            
# --------------------------------------------------------------------------------------------------
# 
# UVM_INFO my_monitor.sv(11) @ 100: uvm_test_top.m_env.m_agent.m_moni [MON_RUN_PHASE] Monitor run!
# UVM_INFO my_driver.sv(12) @ 100: uvm_test_top.m_env.m_agent.m_driv [DRV_RUN_PHASE] --------------------------------------------------------------------------------------------------
# Name                           Type            Size  Value                                        
# --------------------------------------------------------------------------------------------------
# req                            my_transaction  -     @670                                         
#   sa                           integral        4     'ha                                          
#   da                           integral        4     'hd                                          
#   payload                      da(integral)    4     -                                            
#     [0]                        integral        8     'he0                                         
#     [1]                        integral        8     'hd6                                         
#     [2]                        integral        8     'h8f                                         
#     [3]                        integral        8     'h56                                         
#   begin_time                   time            64    100                                          
#   depth                        int             32    'd2                                          
#   parent sequence (name)       string          11    my_sequence                                  
#   parent sequence (full name)  string          45    uvm_test_top.m_env.m_agent.m_seqr.my_sequence
#   sequencer                    string          33    uvm_test_top.m_env.m_agent.m_seqr            
# --------------------------------------------------------------------------------------------------
# 
# UVM_INFO my_monitor.sv(11) @ 200: uvm_test_top.m_env.m_agent.m_moni [MON_RUN_PHASE] Monitor run!
# UVM_INFO my_driver.sv(12) @ 200: uvm_test_top.m_env.m_agent.m_driv [DRV_RUN_PHASE] --------------------------------------------------------------------------------------------------
# Name                           Type            Size  Value                                        
# --------------------------------------------------------------------------------------------------
# req                            my_transaction  -     @674                                         
#   sa                           integral        4     'h2                                          
#   da                           integral        4     'h4                                          
#   payload                      da(integral)    2     -                                            
#     [0]                        integral        8     'hd5                                         
#     [1]                        integral        8     'h5d                                         
#   begin_time                   time            64    200                                          
#   depth                        int             32    'd2                                          
#   parent sequence (name)       string          11    my_sequence                                  
#   parent sequence (full name)  string          45    uvm_test_top.m_env.m_agent.m_seqr.my_sequence
#   sequencer                    string          33    uvm_test_top.m_env.m_agent.m_seqr            
# --------------------------------------------------------------------------------------------------
# 
# UVM_INFO my_monitor.sv(11) @ 300: uvm_test_top.m_env.m_agent.m_moni [MON_RUN_PHASE] Monitor run!
# UVM_INFO my_driver.sv(12) @ 300: uvm_test_top.m_env.m_agent.m_driv [DRV_RUN_PHASE] --------------------------------------------------------------------------------------------------
# Name                           Type            Size  Value                                        
# --------------------------------------------------------------------------------------------------
# req                            my_transaction  -     @678                                         
#   sa                           integral        4     'he                                          
#   da                           integral        4     'h0                                          
#   payload                      da(integral)    3     -                                            
#     [0]                        integral        8     'h8a                                         
#     [1]                        integral        8     'hbd                                         
#     [2]                        integral        8     'h7b                                         
#   begin_time                   time            64    300                                          
#   depth                        int             32    'd2                                          
#   parent sequence (name)       string          11    my_sequence                                  
#   parent sequence (full name)  string          45    uvm_test_top.m_env.m_agent.m_seqr.my_sequence
#   sequencer                    string          33    uvm_test_top.m_env.m_agent.m_seqr            
# --------------------------------------------------------------------------------------------------
# 
# UVM_INFO my_monitor.sv(11) @ 400: uvm_test_top.m_env.m_agent.m_moni [MON_RUN_PHASE] Monitor run!
# UVM_INFO my_driver.sv(12) @ 400: uvm_test_top.m_env.m_agent.m_driv [DRV_RUN_PHASE] --------------------------------------------------------------------------------------------------
# Name                           Type            Size  Value                                        
# --------------------------------------------------------------------------------------------------
# req                            my_transaction  -     @682                                         
#   sa                           integral        4     'h9                                          
#   da                           integral        4     'h1                                          
#   payload                      da(integral)    3     -                                            
#     [0]                        integral        8     'h8a                                         
#     [1]                        integral        8     'h13                                         
#     [2]                        integral        8     'h36                                         
#   begin_time                   time            64    400                                          
#   depth                        int             32    'd2                                          
#   parent sequence (name)       string          11    my_sequence                                  
#   parent sequence (full name)  string          45    uvm_test_top.m_env.m_agent.m_seqr.my_sequence
#   sequencer                    string          33    uvm_test_top.m_env.m_agent.m_seqr            
# --------------------------------------------------------------------------------------------------
# 
# UVM_INFO my_monitor.sv(11) @ 500: uvm_test_top.m_env.m_agent.m_moni [MON_RUN_PHASE] Monitor run!
# UVM_INFO my_driver.sv(12) @ 500: uvm_test_top.m_env.m_agent.m_driv [DRV_RUN_PHASE] --------------------------------------------------------------------------------------------------
# Name                           Type            Size  Value                                        
# --------------------------------------------------------------------------------------------------
# req                            my_transaction  -     @686                                         
#   sa                           integral        4     'h0                                          
#   da                           integral        4     'h0                                          
#   payload                      da(integral)    4     -                                            
#     [0]                        integral        8     'hc3                                         
#     [1]                        integral        8     'h11                                         
#     [2]                        integral        8     'h1b                                         
#     [3]                        integral        8     'h13                                         
#   begin_time                   time            64    500                                          
#   depth                        int             32    'd2                                          
#   parent sequence (name)       string          11    my_sequence                                  
#   parent sequence (full name)  string          45    uvm_test_top.m_env.m_agent.m_seqr.my_sequence
#   sequencer                    string          33    uvm_test_top.m_env.m_agent.m_seqr            
# --------------------------------------------------------------------------------------------------
# 
# UVM_INFO my_monitor.sv(11) @ 600: uvm_test_top.m_env.m_agent.m_moni [MON_RUN_PHASE] Monitor run!
# UVM_INFO my_driver.sv(12) @ 600: uvm_test_top.m_env.m_agent.m_driv [DRV_RUN_PHASE] --------------------------------------------------------------------------------------------------
# Name                           Type            Size  Value                                        
# --------------------------------------------------------------------------------------------------
# req                            my_transaction  -     @690                                         
#   sa                           integral        4     'h1                                          
#   da                           integral        4     'h7                                          
#   payload                      da(integral)    2     -                                            
#     [0]                        integral        8     'h52                                         
#     [1]                        integral        8     'hb9                                         
#   begin_time                   time            64    600                                          
#   depth                        int             32    'd2                                          
#   parent sequence (name)       string          11    my_sequence                                  
#   parent sequence (full name)  string          45    uvm_test_top.m_env.m_agent.m_seqr.my_sequence
#   sequencer                    string          33    uvm_test_top.m_env.m_agent.m_seqr            
# --------------------------------------------------------------------------------------------------
# 
# UVM_INFO my_monitor.sv(11) @ 700: uvm_test_top.m_env.m_agent.m_moni [MON_RUN_PHASE] Monitor run!
# UVM_INFO my_driver.sv(12) @ 700: uvm_test_top.m_env.m_agent.m_driv [DRV_RUN_PHASE] --------------------------------------------------------------------------------------------------
# Name                           Type            Size  Value                                        
# --------------------------------------------------------------------------------------------------
# req                            my_transaction  -     @694                                         
#   sa                           integral        4     'h3                                          
#   da                           integral        4     'ha                                          
#   payload                      da(integral)    2     -                                            
#     [0]                        integral        8     'h76                                         
#     [1]                        integral        8     'hdf                                         
#   begin_time                   time            64    700                                          
#   depth                        int             32    'd2                                          
#   parent sequence (name)       string          11    my_sequence                                  
#   parent sequence (full name)  string          45    uvm_test_top.m_env.m_agent.m_seqr.my_sequence
#   sequencer                    string          33    uvm_test_top.m_env.m_agent.m_seqr            
# --------------------------------------------------------------------------------------------------
# 
# UVM_INFO my_monitor.sv(11) @ 800: uvm_test_top.m_env.m_agent.m_moni [MON_RUN_PHASE] Monitor run!
# UVM_INFO my_driver.sv(12) @ 800: uvm_test_top.m_env.m_agent.m_driv [DRV_RUN_PHASE] --------------------------------------------------------------------------------------------------
# Name                           Type            Size  Value                                        
# --------------------------------------------------------------------------------------------------
# req                            my_transaction  -     @698                                         
#   sa                           integral        4     'h5                                          
#   da                           integral        4     'h5                                          
#   payload                      da(integral)    4     -                                            
#     [0]                        integral        8     'h9e                                         
#     [1]                        integral        8     'hc2                                         
#     [2]                        integral        8     'h55                                         
#     [3]                        integral        8     'h37                                         
#   begin_time                   time            64    800                                          
#   depth                        int             32    'd2                                          
#   parent sequence (name)       string          11    my_sequence                                  
#   parent sequence (full name)  string          45    uvm_test_top.m_env.m_agent.m_seqr.my_sequence
#   sequencer                    string          33    uvm_test_top.m_env.m_agent.m_seqr            
# --------------------------------------------------------------------------------------------------
# 
# UVM_INFO my_monitor.sv(11) @ 900: uvm_test_top.m_env.m_agent.m_moni [MON_RUN_PHASE] Monitor run!
# UVM_INFO my_driver.sv(12) @ 900: uvm_test_top.m_env.m_agent.m_driv [DRV_RUN_PHASE] --------------------------------------------------------------------------------------------------
# Name                           Type            Size  Value                                        
# --------------------------------------------------------------------------------------------------
# req                            my_transaction  -     @702                                         
#   sa                           integral        4     'h5                                          
#   da                           integral        4     'h1                                          
#   payload                      da(integral)    3     -                                            
#     [0]                        integral        8     'h1                                          
#     [1]                        integral        8     'h27                                         
#     [2]                        integral        8     'h5c                                         
#   begin_time                   time            64    900                                          
#   depth                        int             32    'd2                                          
#   parent sequence (name)       string          11    my_sequence                                  
#   parent sequence (full name)  string          45    uvm_test_top.m_env.m_agent.m_seqr.my_sequence
#   sequencer                    string          33    uvm_test_top.m_env.m_agent.m_seqr            
# --------------------------------------------------------------------------------------------------
# 
# UVM_INFO my_monitor.sv(11) @ 1000: uvm_test_top.m_env.m_agent.m_moni [MON_RUN_PHASE] Monitor run!
# UVM_INFO my_monitor.sv(11) @ 1100: uvm_test_top.m_env.m_agent.m_moni [MON_RUN_PHASE] Monitor run!
# UVM_INFO /filespace/c/ccheng93/UVM/uvm_training_lab/uvm-1.1d/src/base/uvm_objection.svh(1267) @ 1100: reporter [TEST_DONE] 'run' phase is ready to proceed to the 'extract' phase
# 
# --- UVM Report Summary ---
# 
# ** Report counts by severity
# UVM_INFO :   26
# UVM_WARNING :    0
# UVM_ERROR :    0
# UVM_FATAL :    0
# ** Report counts by id
# [DRV_RUN_PHASE]    10
# [MON_RUN_PHASE]    12
# [NO_DPI_TSTNAME]     1
# [RNTST]     1
# [TEST_DONE]     1
# [UVMTOP]     1
# ** Note: $finish    : /filespace/c/ccheng93/UVM/uvm_training_lab/uvm-1.1d/src/base/uvm_root.svh(430)
#    Time: 1100 ns  Iteration: 48  Instance: /test
# 1
# Break in Task uvm_pkg/uvm_root::run_test at /filespace/c/ccheng93/UVM/uvm_training_lab/uvm-1.1d/src/base/uvm_root.svh line 430
#  quit
