# vsim -c -lib work top "+UVM_TESTNAME=my_test" -do "log -r /*; run -all" -l simulation.log 
# Start time: 17:27:37 on Jun 02,2024
# ** Note: (vsim-3812) Design is being optimized...
# ** Warning: my_sequence.sv(11): (vopt-2240) Treating stand-alone use of function 'get' as an implicit VOID cast.
# ** Note: (vsim-12126) Error and warning message counts have been restored: Errors=0, Warnings=1.
# ** Note: (vsim-8785) UVM-aware debugging capabilities will be disabled since no compiled "questa_uvm_pkg" can be found.
# This also means that later if you turn on UVM-aware debugging your debug simulations may have
# different random seeds from your non-debug simulations.
# Loading sv_std.std
# Loading work.dut_interface(fast)
# Loading work.uvm_pkg(fast)
# Loading work.top_sv_unit(fast)
# Loading work.top(fast)
# log -r /*
#  run -all
# ----------------------------------------------------------------
# UVM-1.1d
# (C) 2007-2013 Mentor Graphics Corporation
# (C) 2007-2013 Cadence Design Systems, Inc.
# (C) 2006-2013 Synopsys, Inc.
# (C) 2011-2013 Cypress Semiconductor Corp.
# ----------------------------------------------------------------
# 
#   ***********       IMPORTANT RELEASE NOTES         ************
# 
#   You are using a version of the UVM library that has been compiled
#   with `UVM_NO_DEPRECATED undefined.
#   See http://www.eda.org/svdb/view.php?id=3313 for more details.
# 
#   You are using a version of the UVM library that has been compiled
#   with `UVM_OBJECT_MUST_HAVE_CONSTRUCTOR undefined.
#   See http://www.eda.org/svdb/view.php?id=3770 for more details.
# 
#       (Specify +UVM_NO_RELNOTES to turn off this notice)
# 
# UVM_INFO /filespace/c/ccheng93/UVM_Learning/uvm_training_lab/uvm-1.1d/src/base/uvm_root.svh(370) @ 0: reporter [NO_DPI_TSTNAME] UVM_NO_DPI defined--getting UVM_TESTNAME directly, without DPI
# UVM_INFO @ 0: reporter [RNTST] Running test my_test...
# UVM_FATAL my_test.sv(31) @ 0: uvm_test_top [CONFIG_ERROR] test can not get the interface!!!
# 
# --- UVM Report Summary ---
# 
# ** Report counts by severity
# UVM_INFO :    2
# UVM_WARNING :    0
# UVM_ERROR :    0
# UVM_FATAL :    1
# ** Report counts by id
# [CONFIG_ERROR]     1
# [NO_DPI_TSTNAME]     1
# [RNTST]     1
# ** Note: $finish    : /filespace/c/ccheng93/UVM_Learning/uvm_training_lab/uvm-1.1d/src/base/uvm_report_object.svh(292)
#    Time: 0 ns  Iteration: 7  Region: /uvm_pkg::uvm_phase::m_run_phases
# 1
# Break in Function uvm_pkg/uvm_report_object::die at /filespace/c/ccheng93/UVM_Learning/uvm_training_lab/uvm-1.1d/src/base/uvm_report_object.svh line 292

# A time value could not be extracted from the current line
# A time value could not be extracted from the current line
vlog +incdir+/filespace/c/ccheng93/UVM_Learning/uvm_training_lab/uvm-1.1d/src +define+UVM_NO_DPI /filespace/c/ccheng93/UVM_Learning/uvm_training_lab/uvm-1.1d/src/uvm_pkg.sv top.sv ../../rtl/router.v
# QuestaSim vlog 2023.2_1 Compiler 2023.05 May 12 2023
# Start time: 17:35:38 on Jun 02,2024
# vlog -reportprogress 300 "+incdir+/filespace/c/ccheng93/UVM_Learning/uvm_training_lab/uvm-1.1d/src" "+define+UVM_NO_DPI" /filespace/c/ccheng93/UVM_Learning/uvm_training_lab/uvm-1.1d/src/uvm_pkg.sv top.sv ../../rtl/router.v 
# -- Compiling package uvm_pkg
# -- Compiling module router
# -- Compiling module rtslice
# -- Compiling module rtslicef
# -- Compiling package top_sv_unit
# -- Importing package uvm_pkg
# -- Compiling interface dut_interface
# -- Compiling module top
# -- Compiling module router
# ** Warning: ../../rtl/router.v(30): (vlog-2275) Existing module 'router' at line 30 will be overwritten.
# -- Compiling module rtslice
# ** Warning: ../../rtl/router.v(129): (vlog-2275) Existing module 'rtslice' at line 129 will be overwritten.
# -- Compiling module rtslicef
# ** Warning: ../../rtl/router.v(337): (vlog-2275) Existing module 'rtslicef' at line 337 will be overwritten.
# 
# Top level modules:
# 	rtslicef
# 	top
# End time: 17:35:39 on Jun 02,2024, Elapsed time: 0:00:01
# Errors: 0, Warnings: 3
vsim -c -lib work top +UVM_TESTNAME=my_test -do "log -r /*; run -all" -l simulation.log
# End time: 17:35:50 on Jun 02,2024, Elapsed time: 0:08:13
# Errors: 0, Warnings: 1
# vsim -c -lib work top "+UVM_TESTNAME=my_test" -do "log -r /*; run -all" -l simulation.log 
# Start time: 17:35:50 on Jun 02,2024
# ** Note: (vsim-3813) Design is being optimized due to module recompilation...
# ** Note: (vsim-8785) UVM-aware debugging capabilities will be disabled since no compiled "questa_uvm_pkg" can be found.
# This also means that later if you turn on UVM-aware debugging your debug simulations may have
# different random seeds from your non-debug simulations.
# Loading sv_std.std
# Loading work.dut_interface(fast)
# Loading work.uvm_pkg(fast)
# Loading work.top_sv_unit(fast)
# Loading work.top(fast)
# log -r /*
#  run -all
# ----------------------------------------------------------------
# UVM-1.1d
# (C) 2007-2013 Mentor Graphics Corporation
# (C) 2007-2013 Cadence Design Systems, Inc.
# (C) 2006-2013 Synopsys, Inc.
# (C) 2011-2013 Cypress Semiconductor Corp.
# ----------------------------------------------------------------
# 
#   ***********       IMPORTANT RELEASE NOTES         ************
# 
#   You are using a version of the UVM library that has been compiled
#   with `UVM_NO_DEPRECATED undefined.
#   See http://www.eda.org/svdb/view.php?id=3313 for more details.
# 
#   You are using a version of the UVM library that has been compiled
#   with `UVM_OBJECT_MUST_HAVE_CONSTRUCTOR undefined.
#   See http://www.eda.org/svdb/view.php?id=3770 for more details.
# 
#       (Specify +UVM_NO_RELNOTES to turn off this notice)
# 
# UVM_INFO /filespace/c/ccheng93/UVM_Learning/uvm_training_lab/uvm-1.1d/src/base/uvm_root.svh(370) @ 0: reporter [NO_DPI_TSTNAME] UVM_NO_DPI defined--getting UVM_TESTNAME directly, without DPI
# UVM_INFO @ 0: reporter [RNTST] Running test my_test...
# UVM_INFO my_env.sv(25) @ 0: uvm_test_top.m_env [CONVERAGE_ENABLE] The coverage function is enabled for this testcase
# UVM_INFO my_env.sv(29) @ 0: uvm_test_top.m_env [CHECK_ENABLE] The check function is enabled for this testcase
# pad cycles = 10
# UVM_INFO @ 0: reporter [UVMTOP] UVM testbench topology:
# uvm_test_top: (my_test@450) {
#   m_env: (my_env@460) {
#     m_agent: (master_agent@486) {
#       m_driv: (my_driver@626) {
#         rsp_port: (uvm_analysis_port@643) @643 
#         seq_item_port: (uvm_seq_item_pull_port@634) @634 
#       }
#       m_moni: (my_monitor@652) @652 
#       m_seqr: (uvm_sequencer@503) {
#         rsp_export: (uvm_analysis_export@511) @511 
#         seq_item_export: (uvm_seq_item_pull_imp@617) @617 
#         arbitration_queue: - 
#         lock_queue: - 
#         num_last_reqs: 'd1 
#         num_last_rsps: 'd1 
#       }
#     }
#   }
# }
# 
# UVM_INFO my_monitor.sv(11) @ 0: uvm_test_top.m_env.m_agent.m_moni [MON_RUN_PHASE] Monitor run!
# UVM_INFO my_monitor.sv(11) @ 100: uvm_test_top.m_env.m_agent.m_moni [MON_RUN_PHASE] Monitor run!
# UVM_INFO my_monitor.sv(11) @ 200: uvm_test_top.m_env.m_agent.m_moni [MON_RUN_PHASE] Monitor run!
# UVM_INFO my_driver.sv(61) @ 290: uvm_test_top.m_env.m_agent.m_driv [DRV_RUN_PHASE] --------------------------------------------------------------------------------------------------
# Name                           Type            Size  Value                                        
# --------------------------------------------------------------------------------------------------
# req                            my_transaction  -     @675                                         
#   sa                           integral        4     'h2                                          
#   da                           integral        4     'h4                                          
#   payload                      da(integral)    4     -                                            
#     [0]                        integral        8     'hab                                         
#     [1]                        integral        8     'hfa                                         
#     [2]                        integral        8     'hf4                                         
#     [3]                        integral        8     'hb0                                         
#   begin_time                   time            64    290                                          
#   depth                        int             32    'd2                                          
#   parent sequence (name)       string          11    my_sequence                                  
#   parent sequence (full name)  string          45    uvm_test_top.m_env.m_agent.m_seqr.my_sequence
#   sequencer                    string          33    uvm_test_top.m_env.m_agent.m_seqr            
# --------------------------------------------------------------------------------------------------
# 
# UVM_INFO my_monitor.sv(11) @ 300: uvm_test_top.m_env.m_agent.m_moni [MON_RUN_PHASE] Monitor run!
# UVM_INFO my_monitor.sv(11) @ 400: uvm_test_top.m_env.m_agent.m_moni [MON_RUN_PHASE] Monitor run!
# UVM_INFO my_monitor.sv(11) @ 500: uvm_test_top.m_env.m_agent.m_moni [MON_RUN_PHASE] Monitor run!
# UVM_INFO my_monitor.sv(11) @ 600: uvm_test_top.m_env.m_agent.m_moni [MON_RUN_PHASE] Monitor run!
# UVM_INFO my_monitor.sv(11) @ 700: uvm_test_top.m_env.m_agent.m_moni [MON_RUN_PHASE] Monitor run!
# UVM_INFO my_monitor.sv(11) @ 800: uvm_test_top.m_env.m_agent.m_moni [MON_RUN_PHASE] Monitor run!
# UVM_INFO my_monitor.sv(11) @ 900: uvm_test_top.m_env.m_agent.m_moni [MON_RUN_PHASE] Monitor run!
# UVM_INFO my_monitor.sv(11) @ 1000: uvm_test_top.m_env.m_agent.m_moni [MON_RUN_PHASE] Monitor run!
# UVM_INFO my_monitor.sv(11) @ 1100: uvm_test_top.m_env.m_agent.m_moni [MON_RUN_PHASE] Monitor run!
# UVM_INFO my_monitor.sv(11) @ 1200: uvm_test_top.m_env.m_agent.m_moni [MON_RUN_PHASE] Monitor run!
# UVM_INFO my_driver.sv(61) @ 1210: uvm_test_top.m_env.m_agent.m_driv [DRV_RUN_PHASE] --------------------------------------------------------------------------------------------------
# Name                           Type            Size  Value                                        
# --------------------------------------------------------------------------------------------------
# req                            my_transaction  -     @704                                         
#   sa                           integral        4     'ha                                          
#   da                           integral        4     'hd                                          
#   payload                      da(integral)    4     -                                            
#     [0]                        integral        8     'he0                                         
#     [1]                        integral        8     'hd6                                         
#     [2]                        integral        8     'h8f                                         
#     [3]                        integral        8     'h56                                         
#   begin_time                   time            64    1210                                         
#   depth                        int             32    'd2                                          
#   parent sequence (name)       string          11    my_sequence                                  
#   parent sequence (full name)  string          45    uvm_test_top.m_env.m_agent.m_seqr.my_sequence
#   sequencer                    string          33    uvm_test_top.m_env.m_agent.m_seqr            
# --------------------------------------------------------------------------------------------------
# 
# UVM_INFO my_monitor.sv(11) @ 1300: uvm_test_top.m_env.m_agent.m_moni [MON_RUN_PHASE] Monitor run!
# UVM_INFO my_monitor.sv(11) @ 1400: uvm_test_top.m_env.m_agent.m_moni [MON_RUN_PHASE] Monitor run!
# UVM_INFO my_monitor.sv(11) @ 1500: uvm_test_top.m_env.m_agent.m_moni [MON_RUN_PHASE] Monitor run!
# UVM_INFO my_monitor.sv(11) @ 1600: uvm_test_top.m_env.m_agent.m_moni [MON_RUN_PHASE] Monitor run!
# UVM_INFO my_monitor.sv(11) @ 1700: uvm_test_top.m_env.m_agent.m_moni [MON_RUN_PHASE] Monitor run!
# UVM_INFO my_monitor.sv(11) @ 1800: uvm_test_top.m_env.m_agent.m_moni [MON_RUN_PHASE] Monitor run!
# UVM_INFO my_monitor.sv(11) @ 1900: uvm_test_top.m_env.m_agent.m_moni [MON_RUN_PHASE] Monitor run!
# UVM_INFO my_monitor.sv(11) @ 2000: uvm_test_top.m_env.m_agent.m_moni [MON_RUN_PHASE] Monitor run!
# UVM_INFO my_monitor.sv(11) @ 2100: uvm_test_top.m_env.m_agent.m_moni [MON_RUN_PHASE] Monitor run!
# UVM_INFO my_driver.sv(61) @ 2130: uvm_test_top.m_env.m_agent.m_driv [DRV_RUN_PHASE] --------------------------------------------------------------------------------------------------
# Name                           Type            Size  Value                                        
# --------------------------------------------------------------------------------------------------
# req                            my_transaction  -     @708                                         
#   sa                           integral        4     'h2                                          
#   da                           integral        4     'h4                                          
#   payload                      da(integral)    2     -                                            
#     [0]                        integral        8     'hd5                                         
#     [1]                        integral        8     'h5d                                         
#   begin_time                   time            64    2130                                         
#   depth                        int             32    'd2                                          
#   parent sequence (name)       string          11    my_sequence                                  
#   parent sequence (full name)  string          45    uvm_test_top.m_env.m_agent.m_seqr.my_sequence
#   sequencer                    string          33    uvm_test_top.m_env.m_agent.m_seqr            
# --------------------------------------------------------------------------------------------------
# 
# UVM_INFO my_monitor.sv(11) @ 2200: uvm_test_top.m_env.m_agent.m_moni [MON_RUN_PHASE] Monitor run!
# UVM_INFO my_monitor.sv(11) @ 2300: uvm_test_top.m_env.m_agent.m_moni [MON_RUN_PHASE] Monitor run!
# UVM_INFO my_monitor.sv(11) @ 2400: uvm_test_top.m_env.m_agent.m_moni [MON_RUN_PHASE] Monitor run!
# UVM_INFO my_monitor.sv(11) @ 2500: uvm_test_top.m_env.m_agent.m_moni [MON_RUN_PHASE] Monitor run!
# UVM_INFO my_monitor.sv(11) @ 2600: uvm_test_top.m_env.m_agent.m_moni [MON_RUN_PHASE] Monitor run!
# UVM_INFO my_monitor.sv(11) @ 2700: uvm_test_top.m_env.m_agent.m_moni [MON_RUN_PHASE] Monitor run!
# UVM_INFO my_driver.sv(61) @ 2730: uvm_test_top.m_env.m_agent.m_driv [DRV_RUN_PHASE] --------------------------------------------------------------------------------------------------
# Name                           Type            Size  Value                                        
# --------------------------------------------------------------------------------------------------
# req                            my_transaction  -     @712                                         
#   sa                           integral        4     'he                                          
#   da                           integral        4     'h0                                          
#   payload                      da(integral)    3     -                                            
#     [0]                        integral        8     'h8a                                         
#     [1]                        integral        8     'hbd                                         
#     [2]                        integral        8     'h7b                                         
#   begin_time                   time            64    2730                                         
#   depth                        int             32    'd2                                          
#   parent sequence (name)       string          11    my_sequence                                  
#   parent sequence (full name)  string          45    uvm_test_top.m_env.m_agent.m_seqr.my_sequence
#   sequencer                    string          33    uvm_test_top.m_env.m_agent.m_seqr            
# --------------------------------------------------------------------------------------------------
# 
# UVM_INFO my_monitor.sv(11) @ 2800: uvm_test_top.m_env.m_agent.m_moni [MON_RUN_PHASE] Monitor run!
# UVM_INFO my_monitor.sv(11) @ 2900: uvm_test_top.m_env.m_agent.m_moni [MON_RUN_PHASE] Monitor run!
# UVM_INFO my_monitor.sv(11) @ 3000: uvm_test_top.m_env.m_agent.m_moni [MON_RUN_PHASE] Monitor run!
# UVM_INFO my_monitor.sv(11) @ 3100: uvm_test_top.m_env.m_agent.m_moni [MON_RUN_PHASE] Monitor run!
# UVM_INFO my_monitor.sv(11) @ 3200: uvm_test_top.m_env.m_agent.m_moni [MON_RUN_PHASE] Monitor run!
# UVM_INFO my_monitor.sv(11) @ 3300: uvm_test_top.m_env.m_agent.m_moni [MON_RUN_PHASE] Monitor run!
# UVM_INFO my_monitor.sv(11) @ 3400: uvm_test_top.m_env.m_agent.m_moni [MON_RUN_PHASE] Monitor run!
# UVM_INFO my_driver.sv(61) @ 3490: uvm_test_top.m_env.m_agent.m_driv [DRV_RUN_PHASE] --------------------------------------------------------------------------------------------------
# Name                           Type            Size  Value                                        
# --------------------------------------------------------------------------------------------------
# req                            my_transaction  -     @716                                         
#   sa                           integral        4     'h9                                          
#   da                           integral        4     'h1                                          
#   payload                      da(integral)    3     -                                            
#     [0]                        integral        8     'h8a                                         
#     [1]                        integral        8     'h13                                         
#     [2]                        integral        8     'h36                                         
#   begin_time                   time            64    3490                                         
#   depth                        int             32    'd2                                          
#   parent sequence (name)       string          11    my_sequence                                  
#   parent sequence (full name)  string          45    uvm_test_top.m_env.m_agent.m_seqr.my_sequence
#   sequencer                    string          33    uvm_test_top.m_env.m_agent.m_seqr            
# --------------------------------------------------------------------------------------------------
# 
# UVM_INFO my_monitor.sv(11) @ 3500: uvm_test_top.m_env.m_agent.m_moni [MON_RUN_PHASE] Monitor run!
# UVM_INFO my_monitor.sv(11) @ 3600: uvm_test_top.m_env.m_agent.m_moni [MON_RUN_PHASE] Monitor run!
# UVM_INFO my_monitor.sv(11) @ 3700: uvm_test_top.m_env.m_agent.m_moni [MON_RUN_PHASE] Monitor run!
# UVM_INFO my_monitor.sv(11) @ 3800: uvm_test_top.m_env.m_agent.m_moni [MON_RUN_PHASE] Monitor run!
# UVM_INFO my_monitor.sv(11) @ 3900: uvm_test_top.m_env.m_agent.m_moni [MON_RUN_PHASE] Monitor run!
# UVM_INFO my_monitor.sv(11) @ 4000: uvm_test_top.m_env.m_agent.m_moni [MON_RUN_PHASE] Monitor run!
# UVM_INFO my_monitor.sv(11) @ 4100: uvm_test_top.m_env.m_agent.m_moni [MON_RUN_PHASE] Monitor run!
# UVM_INFO my_monitor.sv(11) @ 4200: uvm_test_top.m_env.m_agent.m_moni [MON_RUN_PHASE] Monitor run!
# UVM_INFO my_driver.sv(61) @ 4250: uvm_test_top.m_env.m_agent.m_driv [DRV_RUN_PHASE] --------------------------------------------------------------------------------------------------
# Name                           Type            Size  Value                                        
# --------------------------------------------------------------------------------------------------
# req                            my_transaction  -     @720                                         
#   sa                           integral        4     'h0                                          
#   da                           integral        4     'h0                                          
#   payload                      da(integral)    4     -                                            
#     [0]                        integral        8     'hc3                                         
#     [1]                        integral        8     'h11                                         
#     [2]                        integral        8     'h1b                                         
#     [3]                        integral        8     'h13                                         
#   begin_time                   time            64    4250                                         
#   depth                        int             32    'd2                                          
#   parent sequence (name)       string          11    my_sequence                                  
#   parent sequence (full name)  string          45    uvm_test_top.m_env.m_agent.m_seqr.my_sequence
#   sequencer                    string          33    uvm_test_top.m_env.m_agent.m_seqr            
# --------------------------------------------------------------------------------------------------
# 
# UVM_INFO my_monitor.sv(11) @ 4300: uvm_test_top.m_env.m_agent.m_moni [MON_RUN_PHASE] Monitor run!
# UVM_INFO my_monitor.sv(11) @ 4400: uvm_test_top.m_env.m_agent.m_moni [MON_RUN_PHASE] Monitor run!
# UVM_INFO my_monitor.sv(11) @ 4500: uvm_test_top.m_env.m_agent.m_moni [MON_RUN_PHASE] Monitor run!
# UVM_INFO my_monitor.sv(11) @ 4600: uvm_test_top.m_env.m_agent.m_moni [MON_RUN_PHASE] Monitor run!
# UVM_INFO my_monitor.sv(11) @ 4700: uvm_test_top.m_env.m_agent.m_moni [MON_RUN_PHASE] Monitor run!
# UVM_INFO my_monitor.sv(11) @ 4800: uvm_test_top.m_env.m_agent.m_moni [MON_RUN_PHASE] Monitor run!
# UVM_INFO my_monitor.sv(11) @ 4900: uvm_test_top.m_env.m_agent.m_moni [MON_RUN_PHASE] Monitor run!
# UVM_INFO my_monitor.sv(11) @ 5000: uvm_test_top.m_env.m_agent.m_moni [MON_RUN_PHASE] Monitor run!
# UVM_INFO my_monitor.sv(11) @ 5100: uvm_test_top.m_env.m_agent.m_moni [MON_RUN_PHASE] Monitor run!
# UVM_INFO my_driver.sv(61) @ 5170: uvm_test_top.m_env.m_agent.m_driv [DRV_RUN_PHASE] --------------------------------------------------------------------------------------------------
# Name                           Type            Size  Value                                        
# --------------------------------------------------------------------------------------------------
# req                            my_transaction  -     @724                                         
#   sa                           integral        4     'h1                                          
#   da                           integral        4     'h7                                          
#   payload                      da(integral)    2     -                                            
#     [0]                        integral        8     'h52                                         
#     [1]                        integral        8     'hb9                                         
#   begin_time                   time            64    5170                                         
#   depth                        int             32    'd2                                          
#   parent sequence (name)       string          11    my_sequence                                  
#   parent sequence (full name)  string          45    uvm_test_top.m_env.m_agent.m_seqr.my_sequence
#   sequencer                    string          33    uvm_test_top.m_env.m_agent.m_seqr            
# --------------------------------------------------------------------------------------------------
# 
# UVM_INFO my_monitor.sv(11) @ 5200: uvm_test_top.m_env.m_agent.m_moni [MON_RUN_PHASE] Monitor run!
# UVM_INFO my_monitor.sv(11) @ 5300: uvm_test_top.m_env.m_agent.m_moni [MON_RUN_PHASE] Monitor run!
# UVM_INFO my_monitor.sv(11) @ 5400: uvm_test_top.m_env.m_agent.m_moni [MON_RUN_PHASE] Monitor run!
# UVM_INFO my_monitor.sv(11) @ 5500: uvm_test_top.m_env.m_agent.m_moni [MON_RUN_PHASE] Monitor run!
# UVM_INFO my_monitor.sv(11) @ 5600: uvm_test_top.m_env.m_agent.m_moni [MON_RUN_PHASE] Monitor run!
# UVM_INFO my_monitor.sv(11) @ 5700: uvm_test_top.m_env.m_agent.m_moni [MON_RUN_PHASE] Monitor run!
# UVM_INFO my_driver.sv(61) @ 5770: uvm_test_top.m_env.m_agent.m_driv [DRV_RUN_PHASE] --------------------------------------------------------------------------------------------------
# Name                           Type            Size  Value                                        
# --------------------------------------------------------------------------------------------------
# req                            my_transaction  -     @728                                         
#   sa                           integral        4     'h3                                          
#   da                           integral        4     'ha                                          
#   payload                      da(integral)    2     -                                            
#     [0]                        integral        8     'h76                                         
#     [1]                        integral        8     'hdf                                         
#   begin_time                   time            64    5770                                         
#   depth                        int             32    'd2                                          
#   parent sequence (name)       string          11    my_sequence                                  
#   parent sequence (full name)  string          45    uvm_test_top.m_env.m_agent.m_seqr.my_sequence
#   sequencer                    string          33    uvm_test_top.m_env.m_agent.m_seqr            
# --------------------------------------------------------------------------------------------------
# 
# UVM_INFO my_monitor.sv(11) @ 5800: uvm_test_top.m_env.m_agent.m_moni [MON_RUN_PHASE] Monitor run!
# UVM_INFO my_monitor.sv(11) @ 5900: uvm_test_top.m_env.m_agent.m_moni [MON_RUN_PHASE] Monitor run!
# UVM_INFO my_monitor.sv(11) @ 6000: uvm_test_top.m_env.m_agent.m_moni [MON_RUN_PHASE] Monitor run!
# UVM_INFO my_monitor.sv(11) @ 6100: uvm_test_top.m_env.m_agent.m_moni [MON_RUN_PHASE] Monitor run!
# UVM_INFO my_monitor.sv(11) @ 6200: uvm_test_top.m_env.m_agent.m_moni [MON_RUN_PHASE] Monitor run!
# UVM_INFO my_monitor.sv(11) @ 6300: uvm_test_top.m_env.m_agent.m_moni [MON_RUN_PHASE] Monitor run!
# UVM_INFO my_driver.sv(61) @ 6370: uvm_test_top.m_env.m_agent.m_driv [DRV_RUN_PHASE] --------------------------------------------------------------------------------------------------
# Name                           Type            Size  Value                                        
# --------------------------------------------------------------------------------------------------
# req                            my_transaction  -     @732                                         
#   sa                           integral        4     'h5                                          
#   da                           integral        4     'h5                                          
#   payload                      da(integral)    4     -                                            
#     [0]                        integral        8     'h9e                                         
#     [1]                        integral        8     'hc2                                         
#     [2]                        integral        8     'h55                                         
#     [3]                        integral        8     'h37                                         
#   begin_time                   time            64    6370                                         
#   depth                        int             32    'd2                                          
#   parent sequence (name)       string          11    my_sequence                                  
#   parent sequence (full name)  string          45    uvm_test_top.m_env.m_agent.m_seqr.my_sequence
#   sequencer                    string          33    uvm_test_top.m_env.m_agent.m_seqr            
# --------------------------------------------------------------------------------------------------
# 
# UVM_INFO my_monitor.sv(11) @ 6400: uvm_test_top.m_env.m_agent.m_moni [MON_RUN_PHASE] Monitor run!
# UVM_INFO my_monitor.sv(11) @ 6500: uvm_test_top.m_env.m_agent.m_moni [MON_RUN_PHASE] Monitor run!
# UVM_INFO my_monitor.sv(11) @ 6600: uvm_test_top.m_env.m_agent.m_moni [MON_RUN_PHASE] Monitor run!
# UVM_INFO my_monitor.sv(11) @ 6700: uvm_test_top.m_env.m_agent.m_moni [MON_RUN_PHASE] Monitor run!
# UVM_INFO my_monitor.sv(11) @ 6800: uvm_test_top.m_env.m_agent.m_moni [MON_RUN_PHASE] Monitor run!
# UVM_INFO my_monitor.sv(11) @ 6900: uvm_test_top.m_env.m_agent.m_moni [MON_RUN_PHASE] Monitor run!
# UVM_INFO my_monitor.sv(11) @ 7000: uvm_test_top.m_env.m_agent.m_moni [MON_RUN_PHASE] Monitor run!
# UVM_INFO my_monitor.sv(11) @ 7100: uvm_test_top.m_env.m_agent.m_moni [MON_RUN_PHASE] Monitor run!
# UVM_INFO my_monitor.sv(11) @ 7200: uvm_test_top.m_env.m_agent.m_moni [MON_RUN_PHASE] Monitor run!
# UVM_INFO my_driver.sv(61) @ 7290: uvm_test_top.m_env.m_agent.m_driv [DRV_RUN_PHASE] --------------------------------------------------------------------------------------------------
# Name                           Type            Size  Value                                        
# --------------------------------------------------------------------------------------------------
# req                            my_transaction  -     @736                                         
#   sa                           integral        4     'h5                                          
#   da                           integral        4     'h1                                          
#   payload                      da(integral)    3     -                                            
#     [0]                        integral        8     'h1                                          
#     [1]                        integral        8     'h27                                         
#     [2]                        integral        8     'h5c                                         
#   begin_time                   time            64    7290                                         
#   depth                        int             32    'd2                                          
#   parent sequence (name)       string          11    my_sequence                                  
#   parent sequence (full name)  string          45    uvm_test_top.m_env.m_agent.m_seqr.my_sequence
#   sequencer                    string          33    uvm_test_top.m_env.m_agent.m_seqr            
# --------------------------------------------------------------------------------------------------
# 
# UVM_INFO my_monitor.sv(11) @ 7300: uvm_test_top.m_env.m_agent.m_moni [MON_RUN_PHASE] Monitor run!
# UVM_INFO my_monitor.sv(11) @ 7400: uvm_test_top.m_env.m_agent.m_moni [MON_RUN_PHASE] Monitor run!
# UVM_INFO my_monitor.sv(11) @ 7500: uvm_test_top.m_env.m_agent.m_moni [MON_RUN_PHASE] Monitor run!
# UVM_INFO my_monitor.sv(11) @ 7600: uvm_test_top.m_env.m_agent.m_moni [MON_RUN_PHASE] Monitor run!
# UVM_INFO my_monitor.sv(11) @ 7700: uvm_test_top.m_env.m_agent.m_moni [MON_RUN_PHASE] Monitor run!
# UVM_INFO my_monitor.sv(11) @ 7800: uvm_test_top.m_env.m_agent.m_moni [MON_RUN_PHASE] Monitor run!
# UVM_INFO my_monitor.sv(11) @ 7900: uvm_test_top.m_env.m_agent.m_moni [MON_RUN_PHASE] Monitor run!
# UVM_INFO my_monitor.sv(11) @ 8000: uvm_test_top.m_env.m_agent.m_moni [MON_RUN_PHASE] Monitor run!
# UVM_INFO my_driver.sv(61) @ 8050: uvm_test_top.m_env.m_agent.m_driv [DRV_RUN_PHASE] --------------------------------------------------------------------------------------------------
# Name                           Type            Size  Value                                        
# --------------------------------------------------------------------------------------------------
# req                            my_transaction  -     @740                                         
#   sa                           integral        4     'hd                                          
#   da                           integral        4     'h1                                          
#   payload                      da(integral)    2     -                                            
#     [0]                        integral        8     'h26                                         
#     [1]                        integral        8     'h3                                          
#   begin_time                   time            64    8050                                         
#   depth                        int             32    'd2                                          
#   parent sequence (name)       string          11    my_sequence                                  
#   parent sequence (full name)  string          45    uvm_test_top.m_env.m_agent.m_seqr.my_sequence
#   sequencer                    string          33    uvm_test_top.m_env.m_agent.m_seqr            
# --------------------------------------------------------------------------------------------------
# 
# UVM_INFO my_monitor.sv(11) @ 8100: uvm_test_top.m_env.m_agent.m_moni [MON_RUN_PHASE] Monitor run!
# UVM_INFO my_monitor.sv(11) @ 8200: uvm_test_top.m_env.m_agent.m_moni [MON_RUN_PHASE] Monitor run!
# UVM_INFO my_monitor.sv(11) @ 8300: uvm_test_top.m_env.m_agent.m_moni [MON_RUN_PHASE] Monitor run!
# UVM_INFO my_monitor.sv(11) @ 8400: uvm_test_top.m_env.m_agent.m_moni [MON_RUN_PHASE] Monitor run!
# UVM_INFO my_monitor.sv(11) @ 8500: uvm_test_top.m_env.m_agent.m_moni [MON_RUN_PHASE] Monitor run!
# UVM_INFO my_monitor.sv(11) @ 8600: uvm_test_top.m_env.m_agent.m_moni [MON_RUN_PHASE] Monitor run!
# UVM_INFO my_driver.sv(61) @ 8650: uvm_test_top.m_env.m_agent.m_driv [DRV_RUN_PHASE] --------------------------------------------------------------------------------------------------
# Name                           Type            Size  Value                                        
# --------------------------------------------------------------------------------------------------
# req                            my_transaction  -     @744                                         
#   sa                           integral        4     'h5                                          
#   da                           integral        4     'h9                                          
#   payload                      da(integral)    4     -                                            
#     [0]                        integral        8     'h6d                                         
#     [1]                        integral        8     'hfc                                         
#     [2]                        integral        8     'h21                                         
#     [3]                        integral        8     'hf0                                         
#   begin_time                   time            64    8650                                         
#   depth                        int             32    'd2                                          
#   parent sequence (name)       string          11    my_sequence                                  
#   parent sequence (full name)  string          45    uvm_test_top.m_env.m_agent.m_seqr.my_sequence
#   sequencer                    string          33    uvm_test_top.m_env.m_agent.m_seqr            
# --------------------------------------------------------------------------------------------------
# 
# UVM_INFO my_monitor.sv(11) @ 8700: uvm_test_top.m_env.m_agent.m_moni [MON_RUN_PHASE] Monitor run!
# UVM_INFO my_monitor.sv(11) @ 8800: uvm_test_top.m_env.m_agent.m_moni [MON_RUN_PHASE] Monitor run!
# UVM_INFO my_monitor.sv(11) @ 8900: uvm_test_top.m_env.m_agent.m_moni [MON_RUN_PHASE] Monitor run!
# UVM_INFO my_monitor.sv(11) @ 9000: uvm_test_top.m_env.m_agent.m_moni [MON_RUN_PHASE] Monitor run!
# UVM_INFO my_monitor.sv(11) @ 9100: uvm_test_top.m_env.m_agent.m_moni [MON_RUN_PHASE] Monitor run!
# UVM_INFO my_monitor.sv(11) @ 9200: uvm_test_top.m_env.m_agent.m_moni [MON_RUN_PHASE] Monitor run!
# UVM_INFO my_monitor.sv(11) @ 9300: uvm_test_top.m_env.m_agent.m_moni [MON_RUN_PHASE] Monitor run!
# UVM_INFO my_monitor.sv(11) @ 9400: uvm_test_top.m_env.m_agent.m_moni [MON_RUN_PHASE] Monitor run!
# UVM_INFO my_monitor.sv(11) @ 9500: uvm_test_top.m_env.m_agent.m_moni [MON_RUN_PHASE] Monitor run!
# UVM_INFO my_driver.sv(61) @ 9570: uvm_test_top.m_env.m_agent.m_driv [DRV_RUN_PHASE] --------------------------------------------------------------------------------------------------
# Name                           Type            Size  Value                                        
# --------------------------------------------------------------------------------------------------
# req                            my_transaction  -     @748                                         
#   sa                           integral        4     'h2                                          
#   da                           integral        4     'ha                                          
#   payload                      da(integral)    3     -                                            
#     [0]                        integral        8     'h9c                                         
#     [1]                        integral        8     'hc                                          
#     [2]                        integral        8     'h65                                         
#   begin_time                   time            64    9570                                         
#   depth                        int             32    'd2                                          
#   parent sequence (name)       string          11    my_sequence                                  
#   parent sequence (full name)  string          45    uvm_test_top.m_env.m_agent.m_seqr.my_sequence
#   sequencer                    string          33    uvm_test_top.m_env.m_agent.m_seqr            
# --------------------------------------------------------------------------------------------------
# 
# UVM_INFO my_monitor.sv(11) @ 9600: uvm_test_top.m_env.m_agent.m_moni [MON_RUN_PHASE] Monitor run!
# UVM_INFO my_monitor.sv(11) @ 9700: uvm_test_top.m_env.m_agent.m_moni [MON_RUN_PHASE] Monitor run!
# UVM_INFO my_monitor.sv(11) @ 9800: uvm_test_top.m_env.m_agent.m_moni [MON_RUN_PHASE] Monitor run!
# UVM_INFO my_monitor.sv(11) @ 9900: uvm_test_top.m_env.m_agent.m_moni [MON_RUN_PHASE] Monitor run!
# UVM_INFO my_monitor.sv(11) @ 10000: uvm_test_top.m_env.m_agent.m_moni [MON_RUN_PHASE] Monitor run!
# UVM_INFO my_monitor.sv(11) @ 10100: uvm_test_top.m_env.m_agent.m_moni [MON_RUN_PHASE] Monitor run!
# UVM_INFO my_monitor.sv(11) @ 10200: uvm_test_top.m_env.m_agent.m_moni [MON_RUN_PHASE] Monitor run!
# UVM_INFO my_monitor.sv(11) @ 10300: uvm_test_top.m_env.m_agent.m_moni [MON_RUN_PHASE] Monitor run!
# UVM_INFO my_driver.sv(61) @ 10330: uvm_test_top.m_env.m_agent.m_driv [DRV_RUN_PHASE] --------------------------------------------------------------------------------------------------
# Name                           Type            Size  Value                                        
# --------------------------------------------------------------------------------------------------
# req                            my_transaction  -     @752                                         
#   sa                           integral        4     'h4                                          
#   da                           integral        4     'hd                                          
#   payload                      da(integral)    4     -                                            
#     [0]                        integral        8     'h6d                                         
#     [1]                        integral        8     'h5b                                         
#     [2]                        integral        8     'h79                                         
#     [3]                        integral        8     'h16                                         
#   begin_time                   time            64    10330                                        
#   depth                        int             32    'd2                                          
#   parent sequence (name)       string          11    my_sequence                                  
#   parent sequence (full name)  string          45    uvm_test_top.m_env.m_agent.m_seqr.my_sequence
#   sequencer                    string          33    uvm_test_top.m_env.m_agent.m_seqr            
# --------------------------------------------------------------------------------------------------
# 
# UVM_INFO my_monitor.sv(11) @ 10400: uvm_test_top.m_env.m_agent.m_moni [MON_RUN_PHASE] Monitor run!
# UVM_INFO my_monitor.sv(11) @ 10500: uvm_test_top.m_env.m_agent.m_moni [MON_RUN_PHASE] Monitor run!
# UVM_INFO my_monitor.sv(11) @ 10600: uvm_test_top.m_env.m_agent.m_moni [MON_RUN_PHASE] Monitor run!
# UVM_INFO my_monitor.sv(11) @ 10700: uvm_test_top.m_env.m_agent.m_moni [MON_RUN_PHASE] Monitor run!
# UVM_INFO my_monitor.sv(11) @ 10800: uvm_test_top.m_env.m_agent.m_moni [MON_RUN_PHASE] Monitor run!
# UVM_INFO my_monitor.sv(11) @ 10900: uvm_test_top.m_env.m_agent.m_moni [MON_RUN_PHASE] Monitor run!
# UVM_INFO my_monitor.sv(11) @ 11000: uvm_test_top.m_env.m_agent.m_moni [MON_RUN_PHASE] Monitor run!
# UVM_INFO my_monitor.sv(11) @ 11100: uvm_test_top.m_env.m_agent.m_moni [MON_RUN_PHASE] Monitor run!
# UVM_INFO my_monitor.sv(11) @ 11200: uvm_test_top.m_env.m_agent.m_moni [MON_RUN_PHASE] Monitor run!
# UVM_INFO my_driver.sv(61) @ 11250: uvm_test_top.m_env.m_agent.m_driv [DRV_RUN_PHASE] --------------------------------------------------------------------------------------------------
# Name                           Type            Size  Value                                        
# --------------------------------------------------------------------------------------------------
# req                            my_transaction  -     @756                                         
#   sa                           integral        4     'h7                                          
#   da                           integral        4     'h1                                          
#   payload                      da(integral)    4     -                                            
#     [0]                        integral        8     'hee                                         
#     [1]                        integral        8     'hdd                                         
#     [2]                        integral        8     'ha3                                         
#     [3]                        integral        8     'h5a                                         
#   begin_time                   time            64    11250                                        
#   depth                        int             32    'd2                                          
#   parent sequence (name)       string          11    my_sequence                                  
#   parent sequence (full name)  string          45    uvm_test_top.m_env.m_agent.m_seqr.my_sequence
#   sequencer                    string          33    uvm_test_top.m_env.m_agent.m_seqr            
# --------------------------------------------------------------------------------------------------
# 
# UVM_INFO my_monitor.sv(11) @ 11300: uvm_test_top.m_env.m_agent.m_moni [MON_RUN_PHASE] Monitor run!
# UVM_INFO my_monitor.sv(11) @ 11400: uvm_test_top.m_env.m_agent.m_moni [MON_RUN_PHASE] Monitor run!
# UVM_INFO my_monitor.sv(11) @ 11500: uvm_test_top.m_env.m_agent.m_moni [MON_RUN_PHASE] Monitor run!
# UVM_INFO my_monitor.sv(11) @ 11600: uvm_test_top.m_env.m_agent.m_moni [MON_RUN_PHASE] Monitor run!
# UVM_INFO my_monitor.sv(11) @ 11700: uvm_test_top.m_env.m_agent.m_moni [MON_RUN_PHASE] Monitor run!
# UVM_INFO my_monitor.sv(11) @ 11800: uvm_test_top.m_env.m_agent.m_moni [MON_RUN_PHASE] Monitor run!
# UVM_INFO my_monitor.sv(11) @ 11900: uvm_test_top.m_env.m_agent.m_moni [MON_RUN_PHASE] Monitor run!
# UVM_INFO my_monitor.sv(11) @ 12000: uvm_test_top.m_env.m_agent.m_moni [MON_RUN_PHASE] Monitor run!
# UVM_INFO my_monitor.sv(11) @ 12100: uvm_test_top.m_env.m_agent.m_moni [MON_RUN_PHASE] Monitor run!
# UVM_INFO my_driver.sv(61) @ 12170: uvm_test_top.m_env.m_agent.m_driv [DRV_RUN_PHASE] --------------------------------------------------------------------------------------------------
# Name                           Type            Size  Value                                        
# --------------------------------------------------------------------------------------------------
# req                            my_transaction  -     @760                                         
#   sa                           integral        4     'hc                                          
#   da                           integral        4     'h9                                          
#   payload                      da(integral)    3     -                                            
#     [0]                        integral        8     'h4b                                         
#     [1]                        integral        8     'hce                                         
#     [2]                        integral        8     'h70                                         
#   begin_time                   time            64    12170                                        
#   depth                        int             32    'd2                                          
#   parent sequence (name)       string          11    my_sequence                                  
#   parent sequence (full name)  string          45    uvm_test_top.m_env.m_agent.m_seqr.my_sequence
#   sequencer                    string          33    uvm_test_top.m_env.m_agent.m_seqr            
# --------------------------------------------------------------------------------------------------
# 
# UVM_INFO my_monitor.sv(11) @ 12200: uvm_test_top.m_env.m_agent.m_moni [MON_RUN_PHASE] Monitor run!
# UVM_INFO my_monitor.sv(11) @ 12300: uvm_test_top.m_env.m_agent.m_moni [MON_RUN_PHASE] Monitor run!
# UVM_INFO my_monitor.sv(11) @ 12400: uvm_test_top.m_env.m_agent.m_moni [MON_RUN_PHASE] Monitor run!
# UVM_INFO my_monitor.sv(11) @ 12500: uvm_test_top.m_env.m_agent.m_moni [MON_RUN_PHASE] Monitor run!
# UVM_INFO my_monitor.sv(11) @ 12600: uvm_test_top.m_env.m_agent.m_moni [MON_RUN_PHASE] Monitor run!
# UVM_INFO my_monitor.sv(11) @ 12700: uvm_test_top.m_env.m_agent.m_moni [MON_RUN_PHASE] Monitor run!
# UVM_INFO my_monitor.sv(11) @ 12800: uvm_test_top.m_env.m_agent.m_moni [MON_RUN_PHASE] Monitor run!
# UVM_INFO my_monitor.sv(11) @ 12900: uvm_test_top.m_env.m_agent.m_moni [MON_RUN_PHASE] Monitor run!
# UVM_INFO my_driver.sv(61) @ 12930: uvm_test_top.m_env.m_agent.m_driv [DRV_RUN_PHASE] --------------------------------------------------------------------------------------------------
# Name                           Type            Size  Value                                        
# --------------------------------------------------------------------------------------------------
# req                            my_transaction  -     @764                                         
#   sa                           integral        4     'hc                                          
#   da                           integral        4     'hd                                          
#   payload                      da(integral)    3     -                                            
#     [0]                        integral        8     'he9                                         
#     [1]                        integral        8     'hc                                          
#     [2]                        integral        8     'h4f                                         
#   begin_time                   time            64    12930                                        
#   depth                        int             32    'd2                                          
#   parent sequence (name)       string          11    my_sequence                                  
#   parent sequence (full name)  string          45    uvm_test_top.m_env.m_agent.m_seqr.my_sequence
#   sequencer                    string          33    uvm_test_top.m_env.m_agent.m_seqr            
# --------------------------------------------------------------------------------------------------
# 
# UVM_INFO my_monitor.sv(11) @ 13000: uvm_test_top.m_env.m_agent.m_moni [MON_RUN_PHASE] Monitor run!
# UVM_INFO my_monitor.sv(11) @ 13100: uvm_test_top.m_env.m_agent.m_moni [MON_RUN_PHASE] Monitor run!
# UVM_INFO my_monitor.sv(11) @ 13200: uvm_test_top.m_env.m_agent.m_moni [MON_RUN_PHASE] Monitor run!
# UVM_INFO my_monitor.sv(11) @ 13300: uvm_test_top.m_env.m_agent.m_moni [MON_RUN_PHASE] Monitor run!
# UVM_INFO my_monitor.sv(11) @ 13400: uvm_test_top.m_env.m_agent.m_moni [MON_RUN_PHASE] Monitor run!
# UVM_INFO my_monitor.sv(11) @ 13500: uvm_test_top.m_env.m_agent.m_moni [MON_RUN_PHASE] Monitor run!
# UVM_INFO my_monitor.sv(11) @ 13600: uvm_test_top.m_env.m_agent.m_moni [MON_RUN_PHASE] Monitor run!
# UVM_INFO my_driver.sv(61) @ 13690: uvm_test_top.m_env.m_agent.m_driv [DRV_RUN_PHASE] --------------------------------------------------------------------------------------------------
# Name                           Type            Size  Value                                        
# --------------------------------------------------------------------------------------------------
# req                            my_transaction  -     @768                                         
#   sa                           integral        4     'hf                                          
#   da                           integral        4     'he                                          
#   payload                      da(integral)    2     -                                            
#     [0]                        integral        8     'h67                                         
#     [1]                        integral        8     'h94                                         
#   begin_time                   time            64    13690                                        
#   depth                        int             32    'd2                                          
#   parent sequence (name)       string          11    my_sequence                                  
#   parent sequence (full name)  string          45    uvm_test_top.m_env.m_agent.m_seqr.my_sequence
#   sequencer                    string          33    uvm_test_top.m_env.m_agent.m_seqr            
# --------------------------------------------------------------------------------------------------
# 
# UVM_INFO my_monitor.sv(11) @ 13700: uvm_test_top.m_env.m_agent.m_moni [MON_RUN_PHASE] Monitor run!
# UVM_INFO my_monitor.sv(11) @ 13800: uvm_test_top.m_env.m_agent.m_moni [MON_RUN_PHASE] Monitor run!
# UVM_INFO my_monitor.sv(11) @ 13900: uvm_test_top.m_env.m_agent.m_moni [MON_RUN_PHASE] Monitor run!
# UVM_INFO my_monitor.sv(11) @ 14000: uvm_test_top.m_env.m_agent.m_moni [MON_RUN_PHASE] Monitor run!
# UVM_INFO my_monitor.sv(11) @ 14100: uvm_test_top.m_env.m_agent.m_moni [MON_RUN_PHASE] Monitor run!
# UVM_INFO my_monitor.sv(11) @ 14200: uvm_test_top.m_env.m_agent.m_moni [MON_RUN_PHASE] Monitor run!
# UVM_INFO my_driver.sv(61) @ 14290: uvm_test_top.m_env.m_agent.m_driv [DRV_RUN_PHASE] --------------------------------------------------------------------------------------------------
# Name                           Type            Size  Value                                        
# --------------------------------------------------------------------------------------------------
# req                            my_transaction  -     @772                                         
#   sa                           integral        4     'h3                                          
#   da                           integral        4     'hd                                          
#   payload                      da(integral)    4     -                                            
#     [0]                        integral        8     'h51                                         
#     [1]                        integral        8     'h42                                         
#     [2]                        integral        8     'hb1                                         
#     [3]                        integral        8     'h79                                         
#   begin_time                   time            64    14290                                        
#   depth                        int             32    'd2                                          
#   parent sequence (name)       string          11    my_sequence                                  
#   parent sequence (full name)  string          45    uvm_test_top.m_env.m_agent.m_seqr.my_sequence
#   sequencer                    string          33    uvm_test_top.m_env.m_agent.m_seqr            
# --------------------------------------------------------------------------------------------------
# 
# UVM_INFO my_monitor.sv(11) @ 14300: uvm_test_top.m_env.m_agent.m_moni [MON_RUN_PHASE] Monitor run!
# UVM_INFO my_monitor.sv(11) @ 14400: uvm_test_top.m_env.m_agent.m_moni [MON_RUN_PHASE] Monitor run!
# UVM_INFO my_monitor.sv(11) @ 14500: uvm_test_top.m_env.m_agent.m_moni [MON_RUN_PHASE] Monitor run!
# UVM_INFO my_monitor.sv(11) @ 14600: uvm_test_top.m_env.m_agent.m_moni [MON_RUN_PHASE] Monitor run!
# UVM_INFO my_monitor.sv(11) @ 14700: uvm_test_top.m_env.m_agent.m_moni [MON_RUN_PHASE] Monitor run!
# UVM_INFO my_monitor.sv(11) @ 14800: uvm_test_top.m_env.m_agent.m_moni [MON_RUN_PHASE] Monitor run!
# UVM_INFO my_monitor.sv(11) @ 14900: uvm_test_top.m_env.m_agent.m_moni [MON_RUN_PHASE] Monitor run!
# UVM_INFO my_monitor.sv(11) @ 15000: uvm_test_top.m_env.m_agent.m_moni [MON_RUN_PHASE] Monitor run!
# UVM_INFO my_monitor.sv(11) @ 15100: uvm_test_top.m_env.m_agent.m_moni [MON_RUN_PHASE] Monitor run!
# UVM_INFO my_monitor.sv(11) @ 15200: uvm_test_top.m_env.m_agent.m_moni [MON_RUN_PHASE] Monitor run!
# UVM_INFO my_driver.sv(61) @ 15210: uvm_test_top.m_env.m_agent.m_driv [DRV_RUN_PHASE] --------------------------------------------------------------------------------------------------
# Name                           Type            Size  Value                                        
# --------------------------------------------------------------------------------------------------
# req                            my_transaction  -     @776                                         
#   sa                           integral        4     'h8                                          
#   da                           integral        4     'h4                                          
#   payload                      da(integral)    3     -                                            
#     [0]                        integral        8     'h3e                                         
#     [1]                        integral        8     'h5d                                         
#     [2]                        integral        8     'h2c                                         
#   begin_time                   time            64    15210                                        
#   depth                        int             32    'd2                                          
#   parent sequence (name)       string          11    my_sequence                                  
#   parent sequence (full name)  string          45    uvm_test_top.m_env.m_agent.m_seqr.my_sequence
#   sequencer                    string          33    uvm_test_top.m_env.m_agent.m_seqr            
# --------------------------------------------------------------------------------------------------
# 
# UVM_INFO my_monitor.sv(11) @ 15300: uvm_test_top.m_env.m_agent.m_moni [MON_RUN_PHASE] Monitor run!
# UVM_INFO my_monitor.sv(11) @ 15400: uvm_test_top.m_env.m_agent.m_moni [MON_RUN_PHASE] Monitor run!
# UVM_INFO my_monitor.sv(11) @ 15500: uvm_test_top.m_env.m_agent.m_moni [MON_RUN_PHASE] Monitor run!
# UVM_INFO my_monitor.sv(11) @ 15600: uvm_test_top.m_env.m_agent.m_moni [MON_RUN_PHASE] Monitor run!
# UVM_INFO my_monitor.sv(11) @ 15700: uvm_test_top.m_env.m_agent.m_moni [MON_RUN_PHASE] Monitor run!
# UVM_INFO my_monitor.sv(11) @ 15800: uvm_test_top.m_env.m_agent.m_moni [MON_RUN_PHASE] Monitor run!
# UVM_INFO my_monitor.sv(11) @ 15900: uvm_test_top.m_env.m_agent.m_moni [MON_RUN_PHASE] Monitor run!
# UVM_INFO my_monitor.sv(11) @ 16000: uvm_test_top.m_env.m_agent.m_moni [MON_RUN_PHASE] Monitor run!
# UVM_INFO /filespace/c/ccheng93/UVM_Learning/uvm_training_lab/uvm-1.1d/src/base/uvm_objection.svh(1267) @ 16070: reporter [TEST_DONE] 'run' phase is ready to proceed to the 'extract' phase
# 
# --- UVM Report Summary ---
# 
# ** Report counts by severity
# UVM_INFO :  187
# UVM_WARNING :    0
# UVM_ERROR :    0
# UVM_FATAL :    0
# ** Report counts by id
# [CHECK_ENABLE]     1
# [CONVERAGE_ENABLE]     1
# [DRV_RUN_PHASE]    20
# [MON_RUN_PHASE]   161
# [NO_DPI_TSTNAME]     1
# [RNTST]     1
# [TEST_DONE]     1
# [UVMTOP]     1
# ** Note: $finish    : /filespace/c/ccheng93/UVM_Learning/uvm_training_lab/uvm-1.1d/src/base/uvm_root.svh(430)
#    Time: 16070 ns  Iteration: 62  Instance: /top
# 1
# Break in Task uvm_pkg/uvm_root::run_test at /filespace/c/ccheng93/UVM_Learning/uvm_training_lab/uvm-1.1d/src/base/uvm_root.svh line 430
